# JRE version: Java(TM) SE Runtime Environment (23.0.1+11) (build 23.0.1+11-39)
# Java VM: Java HotSpot(TM) 64-Bit Server VM (23.0.1+11-39, mixed mode, sharing, tiered, compressed oops, compressed class ptrs, g1 gc, windows-amd64)
GC Precious Log:
 CardTable entry size: 512
 Card Set container configuration: InlinePtr #cards 4 size 8 Array Of Cards #cards 16 size 48 Howl #buckets 8 coarsen threshold 3686 Howl Bitmap #cards 512 size 80 coarsen threshold 460 Card regions per heap region 1 cards per card region 4096
 CPUs: 16 total, 16 available
 Memory: 16088M
 Large Page Support: Disabled
 NUMA Support: Disabled
 Compressed Oops: Enabled (Zero based)
 Heap Region Size: 2M
 Heap Min Capacity: 8M
 Heap Initial Capacity: 252M
 Heap Max Capacity: 4024M
 Pre-touch: Disabled
 Parallel Workers: 13
 Concurrent Workers: 3
 Concurrent Refinement Workers: 13
 Periodic GC: Disabled
Heap:
 garbage-first heap   total reserved 4120576K, committed 57344K, used 32902K [0x0000000704800000, 0x0000000800000000)
  region size 2048K, 12 young (24576K), 1 survivors (2048K)
 Metaspace       used 21349K, committed 21760K, reserved 1114112K
  class space    used 3021K, committed 3200K, reserved 1048576K
GC Heap History (20 events):
Event: 130.091 GC heap before
{Heap before GC invocations=71 (full 0):
 garbage-first heap   total reserved 4120576K, committed 57344K, used 43093K [0x0000000704800000, 0x0000000800000000)
  region size 2048K, 16 young (32768K), 1 survivors (2048K)
 Metaspace       used 21349K, committed 21760K, reserved 1114112K
  class space    used 3021K, committed 3200K, reserved 1048576K
}
Event: 130.092 GC heap after
{Heap after GC invocations=72 (full 0):
 garbage-first heap   total reserved 4120576K, committed 57344K, used 14440K [0x0000000704800000, 0x0000000800000000)
  region size 2048K, 1 young (2048K), 1 survivors (2048K)
 Metaspace       used 21349K, committed 21760K, reserved 1114112K
  class space    used 3021K, committed 3200K, reserved 1048576K
}
Event: 130.268 GC heap before
{Heap before GC invocations=72 (full 0):
 garbage-first heap   total reserved 4120576K, committed 57344K, used 43112K [0x0000000704800000, 0x0000000800000000)
  region size 2048K, 16 young (32768K), 1 survivors (2048K)
 Metaspace       used 21349K, committed 21760K, reserved 1114112K
  class space    used 3021K, committed 3200K, reserved 1048576K
}
Event: 130.269 GC heap after
{Heap after GC invocations=73 (full 0):
 garbage-first heap   total reserved 4120576K, committed 57344K, used 14423K [0x0000000704800000, 0x0000000800000000)
  region size 2048K, 1 young (2048K), 1 survivors (2048K)
 Metaspace       used 21349K, committed 21760K, reserved 1114112K
  class space    used 3021K, committed 3200K, reserved 1048576K
}
Event: 130.442 GC heap before
{Heap before GC invocations=73 (full 0):
 garbage-first heap   total reserved 4120576K, committed 57344K, used 43095K [0x0000000704800000, 0x0000000800000000)
  region size 2048K, 16 young (32768K), 1 survivors (2048K)
 Metaspace       used 21349K, committed 21760K, reserved 1114112K
  class space    used 3021K, committed 3200K, reserved 1048576K
}
Event: 130.443 GC heap after
{Heap after GC invocations=74 (full 0):
 garbage-first heap   total reserved 4120576K, committed 57344K, used 14434K [0x0000000704800000, 0x0000000800000000)
  region size 2048K, 1 young (2048K), 1 survivors (2048K)
 Metaspace       used 21349K, committed 21760K, reserved 1114112K
  class space    used 3021K, committed 3200K, reserved 1048576K
}
Event: 130.606 GC heap before
{Heap before GC invocations=74 (full 0):
 garbage-first heap   total reserved 4120576K, committed 57344K, used 43106K [0x0000000704800000, 0x0000000800000000)
  region size 2048K, 16 young (32768K), 1 survivors (2048K)
 Metaspace       used 21349K, committed 21760K, reserved 1114112K
  class space    used 3021K, committed 3200K, reserved 1048576K
}
Event: 130.607 GC heap after
{Heap after GC invocations=75 (full 0):
 garbage-first heap   total reserved 4120576K, committed 57344K, used 14419K [0x0000000704800000, 0x0000000800000000)
  region size 2048K, 1 young (2048K), 1 survivors (2048K)
 Metaspace       used 21349K, committed 21760K, reserved 1114112K
  class space    used 3021K, committed 3200K, reserved 1048576K
}
Event: 130.760 GC heap before
{Heap before GC invocations=75 (full 0):
 garbage-first heap   total reserved 4120576K, committed 57344K, used 43091K [0x0000000704800000, 0x0000000800000000)
  region size 2048K, 16 young (32768K), 1 survivors (2048K)
 Metaspace       used 21349K, committed 21760K, reserved 1114112K
  class space    used 3021K, committed 3200K, reserved 1048576K
}
Event: 130.761 GC heap after
{Heap after GC invocations=76 (full 0):
 garbage-first heap   total reserved 4120576K, committed 57344K, used 14442K [0x0000000704800000, 0x0000000800000000)
  region size 2048K, 1 young (2048K), 1 survivors (2048K)
 Metaspace       used 21349K, committed 21760K, reserved 1114112K
  class space    used 3021K, committed 3200K, reserved 1048576K
}
Event: 130.936 GC heap before
{Heap before GC invocations=76 (full 0):
 garbage-first heap   total reserved 4120576K, committed 57344K, used 43114K [0x0000000704800000, 0x0000000800000000)
  region size 2048K, 16 young (32768K), 1 survivors (2048K)
 Metaspace       used 21349K, committed 21760K, reserved 1114112K
  class space    used 3021K, committed 3200K, reserved 1048576K
}
Event: 130.937 GC heap after
{Heap after GC invocations=77 (full 0):
 garbage-first heap   total reserved 4120576K, committed 57344K, used 14425K [0x0000000704800000, 0x0000000800000000)
  region size 2048K, 1 young (2048K), 1 survivors (2048K)
 Metaspace       used 21349K, committed 21760K, reserved 1114112K
  class space    used 3021K, committed 3200K, reserved 1048576K
}
Event: 131.086 GC heap before
{Heap before GC invocations=77 (full 0):
 garbage-first heap   total reserved 4120576K, committed 57344K, used 43097K [0x0000000704800000, 0x0000000800000000)
  region size 2048K, 16 young (32768K), 1 survivors (2048K)
 Metaspace       used 21349K, committed 21760K, reserved 1114112K
  class space    used 3021K, committed 3200K, reserved 1048576K
}
Event: 131.088 GC heap after
{Heap after GC invocations=78 (full 0):
 garbage-first heap   total reserved 4120576K, committed 57344K, used 14434K [0x0000000704800000, 0x0000000800000000)
  region size 2048K, 1 young (2048K), 1 survivors (2048K)
 Metaspace       used 21349K, committed 21760K, reserved 1114112K
  class space    used 3021K, committed 3200K, reserved 1048576K
}
Event: 131.262 GC heap before
{Heap before GC invocations=78 (full 0):
 garbage-first heap   total reserved 4120576K, committed 57344K, used 43106K [0x0000000704800000, 0x0000000800000000)
  region size 2048K, 16 young (32768K), 1 survivors (2048K)
 Metaspace       used 21349K, committed 21760K, reserved 1114112K
  class space    used 3021K, committed 3200K, reserved 1048576K
}
Event: 131.264 GC heap after
{Heap after GC invocations=79 (full 0):
 garbage-first heap   total reserved 4120576K, committed 57344K, used 14423K [0x0000000704800000, 0x0000000800000000)
  region size 2048K, 1 young (2048K), 1 survivors (2048K)
 Metaspace       used 21349K, committed 21760K, reserved 1114112K
  class space    used 3021K, committed 3200K, reserved 1048576K
}
Event: 131.808 GC heap before
{Heap before GC invocations=79 (full 0):
 garbage-first heap   total reserved 4120576K, committed 57344K, used 43095K [0x0000000704800000, 0x0000000800000000)
  region size 2048K, 16 young (32768K), 1 survivors (2048K)
 Metaspace       used 21349K, committed 21760K, reserved 1114112K
  class space    used 3021K, committed 3200K, reserved 1048576K
}
Event: 131.809 GC heap after
{Heap after GC invocations=80 (full 0):
 garbage-first heap   total reserved 4120576K, committed 57344K, used 14436K [0x0000000704800000, 0x0000000800000000)
  region size 2048K, 1 young (2048K), 1 survivors (2048K)
 Metaspace       used 21349K, committed 21760K, reserved 1114112K
  class space    used 3021K, committed 3200K, reserved 1048576K
}
Event: 131.981 GC heap before
{Heap before GC invocations=80 (full 0):
 garbage-first heap   total reserved 4120576K, committed 57344K, used 43108K [0x0000000704800000, 0x0000000800000000)
  region size 2048K, 16 young (32768K), 1 survivors (2048K)
 Metaspace       used 21349K, committed 21760K, reserved 1114112K
  class space    used 3021K, committed 3200K, reserved 1048576K
}
Event: 131.982 GC heap after
{Heap after GC invocations=81 (full 0):
 garbage-first heap   total reserved 4120576K, committed 57344K, used 14470K [0x0000000704800000, 0x0000000800000000)
  region size 2048K, 1 young (2048K), 1 survivors (2048K)
 Metaspace       used 21349K, committed 21760K, reserved 1114112K
  class space    used 3021K, committed 3200K, reserved 1048576K
}

