# JRE version: Java(TM) SE Runtime Environment (23.0.1+11) (build 23.0.1+11-39)
# Java VM: Java HotSpot(TM) 64-Bit Server VM (23.0.1+11-39, mixed mode, sharing, tiered, compressed oops, compressed class ptrs, g1 gc, windows-amd64)
GC Precious Log:
 CardTable entry size: 512
 Card Set container configuration: InlinePtr #cards 4 size 8 Array Of Cards #cards 16 size 48 Howl #buckets 8 coarsen threshold 3686 Howl Bitmap #cards 512 size 80 coarsen threshold 460 Card regions per heap region 1 cards per card region 4096
 CPUs: 16 total, 16 available
 Memory: 16088M
 Large Page Support: Disabled
 NUMA Support: Disabled
 Compressed Oops: Enabled (Zero based)
 Heap Region Size: 2M
 Heap Min Capacity: 8M
 Heap Initial Capacity: 252M
 Heap Max Capacity: 4024M
 Pre-touch: Disabled
 Parallel Workers: 13
 Concurrent Workers: 3
 Concurrent Refinement Workers: 13
 Periodic GC: Disabled
Heap:
 garbage-first heap   total reserved 4120576K, committed 57344K, used 24793K [0x0000000704800000, 0x0000000800000000)
  region size 2048K, 8 young (16384K), 1 survivors (2048K)
 Metaspace       used 21147K, committed 21568K, reserved 1114112K
  class space    used 3016K, committed 3200K, reserved 1048576K
GC Heap History (20 events):
Event: 100.696 GC heap before
{Heap before GC invocations=38 (full 0):
 garbage-first heap   total reserved 4120576K, committed 57344K, used 43000K [0x0000000704800000, 0x0000000800000000)
  region size 2048K, 16 young (32768K), 1 survivors (2048K)
 Metaspace       used 21147K, committed 21568K, reserved 1114112K
  class space    used 3016K, committed 3200K, reserved 1048576K
}
Event: 100.698 GC heap after
{Heap after GC invocations=39 (full 0):
 garbage-first heap   total reserved 4120576K, committed 57344K, used 14471K [0x0000000704800000, 0x0000000800000000)
  region size 2048K, 1 young (2048K), 1 survivors (2048K)
 Metaspace       used 21147K, committed 21568K, reserved 1114112K
  class space    used 3016K, committed 3200K, reserved 1048576K
}
Event: 101.030 GC heap before
{Heap before GC invocations=39 (full 0):
 garbage-first heap   total reserved 4120576K, committed 57344K, used 43143K [0x0000000704800000, 0x0000000800000000)
  region size 2048K, 16 young (32768K), 1 survivors (2048K)
 Metaspace       used 21147K, committed 21568K, reserved 1114112K
  class space    used 3016K, committed 3200K, reserved 1048576K
}
Event: 101.032 GC heap after
{Heap after GC invocations=40 (full 0):
 garbage-first heap   total reserved 4120576K, committed 57344K, used 14417K [0x0000000704800000, 0x0000000800000000)
  region size 2048K, 1 young (2048K), 1 survivors (2048K)
 Metaspace       used 21147K, committed 21568K, reserved 1114112K
  class space    used 3016K, committed 3200K, reserved 1048576K
}
Event: 101.328 GC heap before
{Heap before GC invocations=40 (full 0):
 garbage-first heap   total reserved 4120576K, committed 57344K, used 43089K [0x0000000704800000, 0x0000000800000000)
  region size 2048K, 16 young (32768K), 1 survivors (2048K)
 Metaspace       used 21147K, committed 21568K, reserved 1114112K
  class space    used 3016K, committed 3200K, reserved 1048576K
}
Event: 101.329 GC heap after
{Heap after GC invocations=41 (full 0):
 garbage-first heap   total reserved 4120576K, committed 57344K, used 14491K [0x0000000704800000, 0x0000000800000000)
  region size 2048K, 1 young (2048K), 1 survivors (2048K)
 Metaspace       used 21147K, committed 21568K, reserved 1114112K
  class space    used 3016K, committed 3200K, reserved 1048576K
}
Event: 101.868 GC heap before
{Heap before GC invocations=41 (full 0):
 garbage-first heap   total reserved 4120576K, committed 57344K, used 43163K [0x0000000704800000, 0x0000000800000000)
  region size 2048K, 16 young (32768K), 1 survivors (2048K)
 Metaspace       used 21147K, committed 21568K, reserved 1114112K
  class space    used 3016K, committed 3200K, reserved 1048576K
}
Event: 101.870 GC heap after
{Heap after GC invocations=42 (full 0):
 garbage-first heap   total reserved 4120576K, committed 57344K, used 14372K [0x0000000704800000, 0x0000000800000000)
  region size 2048K, 1 young (2048K), 1 survivors (2048K)
 Metaspace       used 21147K, committed 21568K, reserved 1114112K
  class space    used 3016K, committed 3200K, reserved 1048576K
}
Event: 102.171 GC heap before
{Heap before GC invocations=42 (full 0):
 garbage-first heap   total reserved 4120576K, committed 57344K, used 43044K [0x0000000704800000, 0x0000000800000000)
  region size 2048K, 16 young (32768K), 1 survivors (2048K)
 Metaspace       used 21147K, committed 21568K, reserved 1114112K
  class space    used 3016K, committed 3200K, reserved 1048576K
}
Event: 102.173 GC heap after
{Heap after GC invocations=43 (full 0):
 garbage-first heap   total reserved 4120576K, committed 57344K, used 14505K [0x0000000704800000, 0x0000000800000000)
  region size 2048K, 1 young (2048K), 1 survivors (2048K)
 Metaspace       used 21147K, committed 21568K, reserved 1114112K
  class space    used 3016K, committed 3200K, reserved 1048576K
}
Event: 102.458 GC heap before
{Heap before GC invocations=43 (full 0):
 garbage-first heap   total reserved 4120576K, committed 57344K, used 43177K [0x0000000704800000, 0x0000000800000000)
  region size 2048K, 16 young (32768K), 1 survivors (2048K)
 Metaspace       used 21147K, committed 21568K, reserved 1114112K
  class space    used 3016K, committed 3200K, reserved 1048576K
}
Event: 102.460 GC heap after
{Heap after GC invocations=44 (full 0):
 garbage-first heap   total reserved 4120576K, committed 57344K, used 14448K [0x0000000704800000, 0x0000000800000000)
  region size 2048K, 1 young (2048K), 1 survivors (2048K)
 Metaspace       used 21147K, committed 21568K, reserved 1114112K
  class space    used 3016K, committed 3200K, reserved 1048576K
}
Event: 102.721 GC heap before
{Heap before GC invocations=44 (full 0):
 garbage-first heap   total reserved 4120576K, committed 57344K, used 43120K [0x0000000704800000, 0x0000000800000000)
  region size 2048K, 16 young (32768K), 1 survivors (2048K)
 Metaspace       used 21147K, committed 21568K, reserved 1114112K
  class space    used 3016K, committed 3200K, reserved 1048576K
}
Event: 102.723 GC heap after
{Heap after GC invocations=45 (full 0):
 garbage-first heap   total reserved 4120576K, committed 57344K, used 14530K [0x0000000704800000, 0x0000000800000000)
  region size 2048K, 1 young (2048K), 1 survivors (2048K)
 Metaspace       used 21147K, committed 21568K, reserved 1114112K
  class space    used 3016K, committed 3200K, reserved 1048576K
}
Event: 102.995 GC heap before
{Heap before GC invocations=45 (full 0):
 garbage-first heap   total reserved 4120576K, committed 57344K, used 43202K [0x0000000704800000, 0x0000000800000000)
  region size 2048K, 16 young (32768K), 1 survivors (2048K)
 Metaspace       used 21147K, committed 21568K, reserved 1114112K
  class space    used 3016K, committed 3200K, reserved 1048576K
}
Event: 102.997 GC heap after
{Heap after GC invocations=46 (full 0):
 garbage-first heap   total reserved 4120576K, committed 57344K, used 14405K [0x0000000704800000, 0x0000000800000000)
  region size 2048K, 1 young (2048K), 1 survivors (2048K)
 Metaspace       used 21147K, committed 21568K, reserved 1114112K
  class space    used 3016K, committed 3200K, reserved 1048576K
}
Event: 103.658 GC heap before
{Heap before GC invocations=46 (full 0):
 garbage-first heap   total reserved 4120576K, committed 57344K, used 43077K [0x0000000704800000, 0x0000000800000000)
  region size 2048K, 16 young (32768K), 1 survivors (2048K)
 Metaspace       used 21147K, committed 21568K, reserved 1114112K
  class space    used 3016K, committed 3200K, reserved 1048576K
}
Event: 103.660 GC heap after
{Heap after GC invocations=47 (full 0):
 garbage-first heap   total reserved 4120576K, committed 57344K, used 14545K [0x0000000704800000, 0x0000000800000000)
  region size 2048K, 1 young (2048K), 1 survivors (2048K)
 Metaspace       used 21147K, committed 21568K, reserved 1114112K
  class space    used 3016K, committed 3200K, reserved 1048576K
}
Event: 103.953 GC heap before
{Heap before GC invocations=47 (full 0):
 garbage-first heap   total reserved 4120576K, committed 57344K, used 43217K [0x0000000704800000, 0x0000000800000000)
  region size 2048K, 16 young (32768K), 1 survivors (2048K)
 Metaspace       used 21147K, committed 21568K, reserved 1114112K
  class space    used 3016K, committed 3200K, reserved 1048576K
}
Event: 103.955 GC heap after
{Heap after GC invocations=48 (full 0):
 garbage-first heap   total reserved 4120576K, committed 57344K, used 14553K [0x0000000704800000, 0x0000000800000000)
  region size 2048K, 1 young (2048K), 1 survivors (2048K)
 Metaspace       used 21147K, committed 21568K, reserved 1114112K
  class space    used 3016K, committed 3200K, reserved 1048576K
}

