[INFO] Scanning for projects...
[INFO] ------------------------------------------------------------------------
[INFO] Detecting the operating system and CPU architecture
[INFO] ------------------------------------------------------------------------
[INFO] os.detected.name: windows
[INFO] os.detected.arch: x86_64
[INFO] os.detected.bitness: 64
[INFO] os.detected.version: 10.0
[INFO] os.detected.version.major: 10
[INFO] os.detected.version.minor: 0
[INFO] os.detected.classifier: windows-x86_64
[INFO] 
[INFO] -----------------------< com.securechat:server >------------------------
[INFO] Building server 1.0-SNAPSHOT
[INFO]   from pom.xml
[INFO] --------------------------------[ jar ]---------------------------------
[WARNING] 6 problems were encountered while building the effective model for org.openjfx:javafx-controls:jar:21 during dependency collection step for project (use -X to see details)
[INFO] 
[INFO] --- resources:3.3.1:resources (default-resources) @ server ---
[INFO] Copying 1 resource from src\main\resources to target\classes
[INFO] 
[INFO] --- compiler:3.13.0:compile (default-compile) @ server ---
[INFO] Recompiling the module because of changed source code.
[INFO] Compiling 5 source files with javac [debug target 21] to target\classes
[INFO] -------------------------------------------------------------
[WARNING] COMPILATION WARNING : 
[INFO] -------------------------------------------------------------
[WARNING] location of system modules is not set in conjunction with -source 21
  not setting the location of system modules may lead to class files that cannot run on JDK 21
    --release 21 is recommended instead of -source 21 -target 21 because it sets the location of system modules automatically
[INFO] 1 warning
[INFO] -------------------------------------------------------------
[INFO] -------------------------------------------------------------
[ERROR] COMPILATION ERROR : 
[INFO] -------------------------------------------------------------
[ERROR] /C:/Users/USER/OneDrive/Desktop/Networking Project2/server/src/main/java/com/securechat/server/PacketDispatcher.java:[63,18] cannot find symbol
  symbol:   variable DM_ACK
  location: class com.securechat.server.PacketDispatcher
[ERROR] /C:/Users/USER/OneDrive/Desktop/Networking Project2/server/src/main/java/com/securechat/server/PacketDispatcher.java:[65,39] cannot find symbol
  symbol:   variable DM_ACK
  location: class com.securechat.common.protocol.PacketType
[INFO] 2 errors 
[INFO] -------------------------------------------------------------
[INFO] ------------------------------------------------------------------------
[INFO] BUILD FAILURE
[INFO] ------------------------------------------------------------------------
[INFO] Total time:  3.399 s
[INFO] Finished at: 2025-12-25T00:01:17+06:00
[INFO] ------------------------------------------------------------------------
[ERROR] Failed to execute goal org.apache.maven.plugins:maven-compiler-plugin:3.13.0:compile (default-compile) on project server: Compilation failure: Compilation failure: 
[ERROR] /C:/Users/USER/OneDrive/Desktop/Networking Project2/server/src/main/java/com/securechat/server/PacketDispatcher.java:[63,18] cannot find symbol
[ERROR]   symbol:   variable DM_ACK
[ERROR]   location: class com.securechat.server.PacketDispatcher
[ERROR] /C:/Users/USER/OneDrive/Desktop/Networking Project2/server/src/main/java/com/securechat/server/PacketDispatcher.java:[65,39] cannot find symbol
[ERROR]   symbol:   variable DM_ACK
[ERROR]   location: class com.securechat.common.protocol.PacketType
[ERROR] -> [Help 1]
[ERROR] 
[ERROR] To see the full stack trace of the errors, re-run Maven with the -e switch.
[ERROR] Re-run Maven using the -X switch to enable full debug logging.
[ERROR] 
[ERROR] For more information about the errors and possible solutions, please read the following articles:
[ERROR] [Help 1] http://cwiki.apache.org/confluence/display/MAVEN/MojoFailureException
